<?xml version='1.0'?>
<ns2:test-suite xmlns:ns2='urn:model.allure.qatools.yandex.ru' start='1637671138617' stop='1637671138631'>
    <name>As user validate header on home page: Scenario Outline name : As a user I can see Header on homepage</name>
    <title>As user validate header on home page: Scenario Outline name : As a user I can see Header on homepage</title>
    <test-cases>
        <test-case start='1637671138619' status='passed' stop='1637671138624'>
            <name></name>
            <title></title>
            <labels>
                <label name='language' value='javascript'/>
                <label name='framework' value='wdio'/>
                <label name='thread' value='0-2'/>
            </labels>
            <parameters>
                <parameter kind='argument' name='browser' value='chrome-96.0.4664.45'/>
            </parameters>
            <steps/>
            <attachments/>
        </test-case>
        <test-case start='1637671138624' status='broken' stop='1637671138626'>
            <name>Given As user I will able to launch https://the-internet.herokuapp.com/ of application</name>
            <title>Given As user I will able to launch https://the-internet.herokuapp.com/ of application</title>
            <labels>
                <label name='language' value='javascript'/>
                <label name='framework' value='wdio'/>
                <label name='thread' value='0-2'/>
            </labels>
            <parameters>
                <parameter kind='argument' name='browser' value='chrome-96.0.4664.45'/>
            </parameters>
            <steps/>
            <attachments/>
            <failure>
                <message>Step "As user I will able to launch https://the-internet.herokuapp.com/ of application" is not defined. You can ignore this error by setting cucumberOpts.ignoreUndefinedDefinitions as true.</message>
                <stack-trace>Step "As user I will able to launch https://the-internet.herokuapp.com/ of application" is not defined. You can ignore this error by setting cucumberOpts.ignoreUndefinedDefinitions as true.
                	at Feature(C:\Users\hp\Desktop\TestWDIO\features\validateHeader.feature):1:1
                	at Scenario(Scenario Outline name : As a user I can see Header on homepage):3:5
                	at Step(As user I will able to launch &lt;URL> of application):4:9
                </stack-trace>
            </failure>
        </test-case>
        <test-case start='1637671138627' status='broken' stop='1637671138628'>
            <name>Then as user I validate Welcome to the-internet on homePage</name>
            <title>Then as user I validate Welcome to the-internet on homePage</title>
            <labels>
                <label name='language' value='javascript'/>
                <label name='framework' value='wdio'/>
                <label name='thread' value='0-2'/>
            </labels>
            <parameters>
                <parameter kind='argument' name='browser' value='chrome-96.0.4664.45'/>
            </parameters>
            <steps/>
            <attachments/>
            <failure>
                <message>Step "as user I validate Welcome to the-internet on homePage" is not defined. You can ignore this error by setting cucumberOpts.ignoreUndefinedDefinitions as true.</message>
                <stack-trace>Step "as user I validate Welcome to the-internet on homePage" is not defined. You can ignore this error by setting cucumberOpts.ignoreUndefinedDefinitions as true.
                	at Feature(C:\Users\hp\Desktop\TestWDIO\features\validateHeader.feature):1:1
                	at Scenario(Scenario Outline name : As a user I can see Header on homepage):3:5
                	at Step(as user I validate &lt;header> on homePage):5:9
                </stack-trace>
            </failure>
        </test-case>
        <test-case start='1637671138628' status='passed' stop='1637671138630'>
            <name></name>
            <title></title>
            <labels>
                <label name='language' value='javascript'/>
                <label name='framework' value='wdio'/>
                <label name='thread' value='0-2'/>
            </labels>
            <parameters>
                <parameter kind='argument' name='browser' value='chrome-96.0.4664.45'/>
            </parameters>
            <steps/>
            <attachments/>
        </test-case>
    </test-cases>
</ns2:test-suite>